#
# A fatal error has been detected by the Java Runtime Environment:
#
#  Internal Error (javaCalls.cpp:51), pid=5988, tid=0x00000000000017f4
#  guarantee(thread->is_Java_thread()) failed: crucial check - the VM thread cannot and must not escape to Java code
#
# JRE version: Java(TM) SE Runtime Environment (8.0_101-b13) (build 1.8.0_101-b13)
# Java VM: Java HotSpot(TM) 64-Bit Server VM (25.101-b13 mixed mode windows-amd64 compressed oops)
# Failed to write core dump. Minidumps are not enabled by default on client versions of Windows
#
# If you would like to submit a bug report, please visit:
#   http://bugreport.java.com/bugreport/crash.jsp
#

---------------  T H R E A D  ---------------

Current thread (0x0000000014a2e800):  VMThread [stack: 0x00000000154f0000,0x00000000155f0000] [id=6132]

Stack: [0x00000000154f0000,0x00000000155f0000]
[error occurred during error reporting (printing stack bounds), id 0xc0000005]

Native frames: (J=compiled Java code, j=interpreted, Vv=VM code, C=native code)

VM_Operation (0x0000000015d4f800): GetOrSetLocal, mode: safepoint, requested by thread 0x0000000014ab7800


---------------  P R O C E S S  ---------------

Java Threads: ( => current thread )
  0x00000000167de800 JavaThread "ReaderThread" [_thread_in_native, id=2328, stack(0x0000000011d00000,0x0000000011e00000)]
  0x000000001656f000 JavaThread "Service Thread" daemon [_thread_blocked, id=4868, stack(0x0000000016ac0000,0x0000000016bc0000)]
  0x000000001656a000 JavaThread "C1 CompilerThread1" daemon [_thread_blocked, id=4944, stack(0x0000000015eb0000,0x0000000015fb0000)]
  0x0000000014acf000 JavaThread "C2 CompilerThread0" daemon [_thread_blocked, id=5336, stack(0x00000000162c0000,0x00000000163c0000)]
  0x0000000014aca800 JavaThread "JDWP Command Reader" daemon [_thread_in_native, id=5728, stack(0x0000000016440000,0x0000000016540000)]
  0x0000000014abb800 JavaThread "JDWP Event Helper Thread" daemon [_thread_blocked, id=5396, stack(0x00000000161c0000,0x00000000162c0000)]
  0x0000000014ab7800 JavaThread "JDWP Transport Listener: dt_socket" daemon [_thread_blocked, id=3984, stack(0x0000000015c50000,0x0000000015d50000)]
  0x0000000014aa9800 JavaThread "Attach Listener" daemon [_thread_blocked, id=5828, stack(0x00000000159b0000,0x0000000015ab0000)]
  0x0000000014a95000 JavaThread "Signal Dispatcher" daemon [_thread_blocked, id=4972, stack(0x00000000157d0000,0x00000000158d0000)]
  0x0000000014a7f800 JavaThread "Finalizer" daemon [_thread_blocked, id=2696, stack(0x00000000156a0000,0x00000000157a0000)]
  0x0000000014a36000 JavaThread "Reference Handler" daemon [_thread_blocked, id=5648, stack(0x0000000015380000,0x0000000015480000)]
  0x0000000001ecf800 JavaThread "main" [_thread_blocked, id=4620, stack(0x0000000002130000,0x0000000002230000)]

Other Threads:
=>0x0000000014a2e800 VMThread [stack: 0x00000000154f0000,0x00000000155f0000] [id=6132]
  0x00000000165a1000 WatcherThread [stack: 0x0000000016c40000,0x0000000016d40000] [id=5936]

VM state:at safepoint (normal execution)

VM Mutex/Monitor currently owned by a thread:  ([mutex/lock_event])
[0x0000000001ecd990] Threads_lock - owner thread: 0x0000000014a2e800

Heap:
 PSYoungGen      total 18944K, used 4374K [0x00000000eab00000, 0x00000000ec000000, 0x0000000100000000)
  eden space 16384K, 11% used [0x00000000eab00000,0x00000000eacc5998,0x00000000ebb00000)
  from space 2560K, 99% used [0x00000000ebd80000,0x00000000ebffffc0,0x00000000ec000000)
  to   space 2560K, 0% used [0x00000000ebb00000,0x00000000ebb00000,0x00000000ebd80000)
 ParOldGen       total 44032K, used 3817K [0x00000000c0000000, 0x00000000c2b00000, 0x00000000eab00000)
  object space 44032K, 8% used [0x00000000c0000000,0x00000000c03ba478,0x00000000c2b00000)
 Metaspace       used 12289K, capacity 12384K, committed 12416K, reserved 1060864K
  class space    used 1340K, capacity 1397K, committed 1408K, reserved 1048576K

Card table byte_map: [0x00000000118c0000,0x0000000011ad0000] byte_map_base: 0x00000000112c0000

Marking Bits: (ParMarkBitMap*) 0x00000000537ea6d0
 Begin Bits: [0x0000000011f00000, 0x0000000012f00000)
 End Bits:   [0x0000000012f00000, 0x0000000013f00000)

Polling page: 0x0000000000090000

CodeCache: size=245760Kb used=1822Kb max_used=1822Kb free=243937Kb
 bounds [0x0000000002500000, 0x0000000002770000, 0x0000000011500000]
 total_blobs=614 nmethods=272 adapters=265
 compilation: enabled

Compilation events (10 events):
Event: 0.615 Thread 0x000000001656a000  268       1       java.lang.StringCoding$StringDecoder::requestedCharsetName (5 bytes)
Event: 0.615 Thread 0x000000001656a000 nmethod 268 0x00000000026bb0d0 code [0x00000000026bb220, 0x00000000026bb330]
Event: 0.615 Thread 0x000000001656a000  269       3       java.util.jar.Manifest$FastInputStream::readLine (167 bytes)
Event: 0.615 Thread 0x000000001656a000 nmethod 269 0x00000000026bb390 code [0x00000000026bb540, 0x00000000026bbb58]
Event: 0.615 Thread 0x000000001656a000  270   !   3       java.util.zip.InflaterInputStream::read (138 bytes)
Event: 0.616 Thread 0x000000001656a000 nmethod 270 0x00000000026bbe90 code [0x00000000026bc120, 0x00000000026bd1e8]
Event: 0.616 Thread 0x000000001656a000  271       3       java.util.zip.InflaterInputStream::ensureOpen (18 bytes)
Event: 0.616 Thread 0x000000001656a000 nmethod 271 0x00000000026bdb90 code [0x00000000026bdd00, 0x00000000026bdf68]
Event: 0.616 Thread 0x000000001656a000  272       3       sun.misc.PerfCounter::addElapsedTimeFrom (10 bytes)
Event: 0.616 Thread 0x000000001656a000 nmethod 272 0x00000000026be050 code [0x00000000026be200, 0x00000000026be938]

GC Heap History (4 events):
Event: 4.094 GC heap before
{Heap before GC invocations=1 (full 0):
 PSYoungGen      total 18944K, used 16384K [0x00000000eab00000, 0x00000000ec000000, 0x0000000100000000)
  eden space 16384K, 100% used [0x00000000eab00000,0x00000000ebb00000,0x00000000ebb00000)
  from space 2560K, 0% used [0x00000000ebd80000,0x00000000ebd80000,0x00000000ec000000)
  to   space 2560K, 0% used [0x00000000ebb00000,0x00000000ebb00000,0x00000000ebd80000)
 ParOldGen       total 44032K, used 0K [0x00000000c0000000, 0x00000000c2b00000, 0x00000000eab00000)
  object space 44032K, 0% used [0x00000000c0000000,0x00000000c0000000,0x00000000c2b00000)
 Metaspace       used 8800K, capacity 8864K, committed 8960K, reserved 1056768K
  class space    used 990K, capacity 1013K, committed 1024K, reserved 1048576K
Event: 4.100 GC heap after
Heap after GC invocations=1 (full 0):
 PSYoungGen      total 18944K, used 2554K [0x00000000eab00000, 0x00000000ec000000, 0x0000000100000000)
  eden space 16384K, 0% used [0x00000000eab00000,0x00000000eab00000,0x00000000ebb00000)
  from space 2560K, 99% used [0x00000000ebb00000,0x00000000ebd7ea98,0x00000000ebd80000)
  to   space 2560K, 0% used [0x00000000ebd80000,0x00000000ebd80000,0x00000000ec000000)
 ParOldGen       total 44032K, used 1234K [0x00000000c0000000, 0x00000000c2b00000, 0x00000000eab00000)
  object space 44032K, 2% used [0x00000000c0000000,0x00000000c0134988,0x00000000c2b00000)
 Metaspace       used 8800K, capacity 8864K, committed 8960K, reserved 1056768K
  class space    used 990K, capacity 1013K, committed 1024K, reserved 1048576K
}
Event: 7.831 GC heap before
{Heap before GC invocations=2 (full 0):
 PSYoungGen      total 18944K, used 18938K [0x00000000eab00000, 0x00000000ec000000, 0x0000000100000000)
  eden space 16384K, 99% used [0x00000000eab00000,0x00000000ebafff48,0x00000000ebb00000)
  from space 2560K, 99% used [0x00000000ebb00000,0x00000000ebd7ea98,0x00000000ebd80000)
  to   space 2560K, 0% used [0x00000000ebd80000,0x00000000ebd80000,0x00000000ec000000)
 ParOldGen       total 44032K, used 1234K [0x00000000c0000000, 0x00000000c2b00000, 0x00000000eab00000)
  object space 44032K, 2% used [0x00000000c0000000,0x00000000c0134988,0x00000000c2b00000)
 Metaspace       used 12243K, capacity 12384K, committed 12416K, reserved 1060864K
  class space    used 1338K, capacity 1397K, committed 1408K, reserved 1048576K
Event: 7.838 GC heap after
Heap after GC invocations=2 (full 0):
 PSYoungGen      total 18944K, used 2559K [0x00000000eab00000, 0x00000000ec000000, 0x0000000100000000)
  eden space 16384K, 0% used [0x00000000eab00000,0x00000000eab00000,0x00000000ebb00000)
  from space 2560K, 99% used [0x00000000ebd80000,0x00000000ebffffc0,0x00000000ec000000)
  to   space 2560K, 0% used [0x00000000ebb00000,0x00000000ebb00000,0x00000000ebd80000)
 ParOldGen       total 44032K, used 3817K [0x00000000c0000000, 0x00000000c2b00000, 0x00000000eab00000)
  object space 44032K, 8% used [0x00000000c0000000,0x00000000c03ba478,0x00000000c2b00000)
 Metaspace       used 12243K, capacity 12384K, committed 12416K, reserved 1060864K
  class space    used 1338K, capacity 1397K, committed 1408K, reserved 1048576K
}

Deoptimization events (1 events):
Event: 0.384 Thread 0x0000000001ecf800 Uncommon trap: reason=unstable_if action=reinterpret pc=0x000000000261336c method=java.lang.String.hashCode()I @ 14

Internal exceptions (10 events):
Event: 7.509 Thread 0x0000000001ecf800 Exception <a 'java/lang/ArrayIndexOutOfBoundsException': 18> (0x00000000eba898f0) thrown at [C:\re\workspace\8-2-build-windows-amd64-cygwin\jdk8u101\7261\hotspot\src\share\vm\interpreter\interpreterRuntime.cpp, line 366]
Event: 7.516 Thread 0x0000000001ecf800 Exception <a 'java/lang/ArrayIndexOutOfBoundsException': 154> (0x00000000eba8b2a0) thrown at [C:\re\workspace\8-2-build-windows-amd64-cygwin\jdk8u101\7261\hotspot\src\share\vm\interpreter\interpreterRuntime.cpp, line 366]
Event: 7.520 Thread 0x0000000001ecf800 Exception <a 'java/lang/ArrayIndexOutOfBoundsException': 40> (0x00000000eba8c918) thrown at [C:\re\workspace\8-2-build-windows-amd64-cygwin\jdk8u101\7261\hotspot\src\share\vm\interpreter\interpreterRuntime.cpp, line 366]
Event: 7.533 Thread 0x0000000001ecf800 Exception <a 'java/lang/ArrayIndexOutOfBoundsException': 78> (0x00000000eba95790) thrown at [C:\re\workspace\8-2-build-windows-amd64-cygwin\jdk8u101\7261\hotspot\src\share\vm\interpreter\interpreterRuntime.cpp, line 366]
Event: 7.537 Thread 0x0000000001ecf800 Exception <a 'java/lang/ArrayIndexOutOfBoundsException': 65> (0x00000000eba967f8) thrown at [C:\re\workspace\8-2-build-windows-amd64-cygwin\jdk8u101\7261\hotspot\src\share\vm\interpreter\interpreterRuntime.cpp, line 366]
Event: 7.540 Thread 0x0000000001ecf800 Exception <a 'java/lang/ArrayIndexOutOfBoundsException': 67> (0x00000000eba97880) thrown at [C:\re\workspace\8-2-build-windows-amd64-cygwin\jdk8u101\7261\hotspot\src\share\vm\interpreter\interpreterRuntime.cpp, line 366]
Event: 7.548 Thread 0x0000000001ecf800 Exception <a 'java/lang/ArrayIndexOutOfBoundsException': 139> (0x00000000eba993a0) thrown at [C:\re\workspace\8-2-build-windows-amd64-cygwin\jdk8u101\7261\hotspot\src\share\vm\interpreter\interpreterRuntime.cpp, line 366]
Event: 7.551 Thread 0x0000000001ecf800 Exception <a 'java/lang/ArrayIndexOutOfBoundsException': 60> (0x00000000eba9a3c0) thrown at [C:\re\workspace\8-2-build-windows-amd64-cygwin\jdk8u101\7261\hotspot\src\share\vm\interpreter\interpreterRuntime.cpp, line 366]
Event: 7.558 Thread 0x0000000001ecf800 Exception <a 'java/lang/ArrayIndexOutOfBoundsException': 139> (0x00000000eba9c100) thrown at [C:\re\workspace\8-2-build-windows-amd64-cygwin\jdk8u101\7261\hotspot\src\share\vm\interpreter\interpreterRuntime.cpp, line 366]
Event: 7.563 Thread 0x0000000001ecf800 Exception <a 'java/lang/ArrayIndexOutOfBoundsException': 92> (0x00000000eba9d7f8) thrown at [C:\re\workspace\8-2-build-windows-amd64-cygwin\jdk8u101\7261\hotspot\src\share\vm\interpreter\interpreterRuntime.cpp, line 366]

Events (10 events):
Event: 83.556 Executing VM operation: ChangeBreakpoints done
Event: 83.563 Executing VM operation: ChangeBreakpoints
Event: 83.563 Executing VM operation: ChangeBreakpoints done
Event: 83.565 Executing VM operation: GetCurrentLocation
Event: 83.565 Executing VM operation: GetCurrentLocation done
Event: 83.565 Executing VM operation: ChangeSingleStep
Event: 83.565 Executing VM operation: ChangeSingleStep done
Event: 83.569 Executing VM operation: ChangeSingleStep
Event: 83.569 Executing VM operation: ChangeSingleStep done
Event: 83.589 Executing VM operation: GetOrSetLocal


Dynamic libraries:
0x000000013f5f0000 - 0x000000013f627000 	C:\Program Files\Java\jdk1.8.0_101\bin\javaw.exe
0x0000000076fb0000 - 0x0000000077159000 	C:\Windows\SYSTEM32\ntdll.dll
0x0000000076e90000 - 0x0000000076faf000 	C:\Windows\system32\kernel32.dll
0x000007fefd140000 - 0x000007fefd1ab000 	C:\Windows\system32\KERNELBASE.dll
0x000007feff000000 - 0x000007feff0db000 	C:\Windows\system32\ADVAPI32.dll
0x000007fefd990000 - 0x000007fefda2f000 	C:\Windows\system32\msvcrt.dll
0x000007fefdd20000 - 0x000007fefdd3f000 	C:\Windows\SYSTEM32\sechost.dll
0x000007fefdd90000 - 0x000007fefdebd000 	C:\Windows\system32\RPCRT4.dll
0x0000000076d90000 - 0x0000000076e8a000 	C:\Windows\system32\USER32.dll
0x000007fefdcb0000 - 0x000007fefdd17000 	C:\Windows\system32\GDI32.dll
0x000007fefd430000 - 0x000007fefd43e000 	C:\Windows\system32\LPK.dll
0x000007fefd8c0000 - 0x000007fefd989000 	C:\Windows\system32\USP10.dll
0x000007fefb9a0000 - 0x000007fefbb94000 	C:\Windows\WinSxS\amd64_microsoft.windows.common-controls_6595b64144ccf1df_6.0.7601.17514_none_fa396087175ac9ac\COMCTL32.dll
0x000007fefded0000 - 0x000007fefdf41000 	C:\Windows\system32\SHLWAPI.dll
0x000007fefd4e0000 - 0x000007fefd50e000 	C:\Windows\system32\IMM32.DLL
0x000007fefdf50000 - 0x000007fefe059000 	C:\Windows\system32\MSCTF.dll
0x000000005de10000 - 0x000000005dee2000 	C:\Program Files\Java\jdk1.8.0_101\jre\bin\msvcr100.dll
0x0000000052fd0000 - 0x000000005386a000 	C:\Program Files\Java\jdk1.8.0_101\jre\bin\server\jvm.dll
0x000007feec3b0000 - 0x000007feec3b9000 	C:\Windows\system32\WSOCK32.dll
0x000007fefdd40000 - 0x000007fefdd8d000 	C:\Windows\system32\WS2_32.dll
0x000007fefdec0000 - 0x000007fefdec8000 	C:\Windows\system32\NSI.dll
0x000007fefab20000 - 0x000007fefab5b000 	C:\Windows\system32\WINMM.dll
0x000007fefc060000 - 0x000007fefc06c000 	C:\Windows\system32\VERSION.dll
0x0000000077180000 - 0x0000000077187000 	C:\Windows\system32\PSAPI.DLL
0x00000000747b0000 - 0x00000000747bf000 	C:\Program Files\Java\jdk1.8.0_101\jre\bin\verify.dll
0x0000000074450000 - 0x0000000074479000 	C:\Program Files\Java\jdk1.8.0_101\jre\bin\java.dll
0x0000000074380000 - 0x00000000743b5000 	C:\Program Files\Java\jdk1.8.0_101\jre\bin\jdwp.dll
0x0000000074370000 - 0x0000000074378000 	C:\Program Files\Java\jdk1.8.0_101\jre\bin\npt.dll
0x00000000741d0000 - 0x00000000741e6000 	C:\Program Files\Java\jdk1.8.0_101\jre\bin\zip.dll
0x000007fefe270000 - 0x000007fefeff8000 	C:\Windows\system32\SHELL32.dll
0x000007fefe060000 - 0x000007fefe263000 	C:\Windows\system32\ole32.dll
0x000007fefcf00000 - 0x000007fefcf0f000 	C:\Windows\system32\profapi.dll
0x0000000074360000 - 0x0000000074369000 	C:\Program Files\Java\jdk1.8.0_101\jre\bin\dt_socket.dll
0x000007fefaac0000 - 0x000007fefaad5000 	C:\Windows\system32\NLAapi.dll
0x000007fefa0f0000 - 0x000007fefa105000 	C:\Windows\system32\napinsp.dll
0x000007fefa0d0000 - 0x000007fefa0e9000 	C:\Windows\system32\pnrpnsp.dll
0x000007fefc730000 - 0x000007fefc785000 	C:\Windows\System32\mswsock.dll
0x000007fefc5b0000 - 0x000007fefc60b000 	C:\Windows\system32\DNSAPI.dll
0x000007fefa0c0000 - 0x000007fefa0cb000 	C:\Windows\System32\winrnr.dll
0x000007fefa3b0000 - 0x000007fefa3d7000 	C:\Windows\system32\IPHLPAPI.DLL
0x000007fefa3a0000 - 0x000007fefa3ab000 	C:\Windows\system32\WINNSI.DLL
0x000007fefa220000 - 0x000007fefa273000 	C:\Windows\System32\fwpuclnt.dll
0x000007fef0820000 - 0x000007fef0828000 	C:\Windows\system32\rasadhlp.dll
0x000007fefc130000 - 0x000007fefc137000 	C:\Windows\System32\wshtcpip.dll
0x00000000741b0000 - 0x00000000741ca000 	C:\Program Files\Java\jdk1.8.0_101\jre\bin\net.dll
0x000007fefc720000 - 0x000007fefc727000 	C:\Windows\System32\wship6.dll

VM Arguments:
jvm_args: -agentlib:jdwp=transport=dt_socket,suspend=y,address=localhost:50492 -ea -Dfile.encoding=Cp1258 
java_command: org.eclipse.jdt.internal.junit.runner.RemoteTestRunner -version 3 -port 50491 -testLoaderClass org.eclipse.jdt.internal.junit4.runner.JUnit4TestLoader -loaderpluginname org.eclipse.jdt.junit4.runtime -test com.topitworks.parser.ParserSimpleTest:simpleTest_canStart
java_class_path (initial): F:\PROJECT\topitworks-hackathon-java-master\target\test-classes;F:\PROJECT\topitworks-hackathon-java-master\target\classes;D:\pdfbox-app-2.0.2.jar;C:\Users\TANTOI\.m2\repository\junit\junit\4.12\junit-4.12.jar;C:\Users\TANTOI\.m2\repository\org\hamcrest\hamcrest-core\1.3\hamcrest-core-1.3.jar;C:\Users\TANTOI\.m2\repository\org\apache\poi\poi\3.14\poi-3.14.jar;C:\Users\TANTOI\.m2\repository\commons-codec\commons-codec\1.10\commons-codec-1.10.jar;C:\Users\TANTOI\.m2\repository\org\apache\poi\poi-ooxml\3.14\poi-ooxml-3.14.jar;C:\Users\TANTOI\.m2\repository\com\github\virtuald\curvesapi\1.03\curvesapi-1.03.jar;C:\Users\TANTOI\.m2\repository\org\apache\poi\poi-ooxml-schemas\3.14\poi-ooxml-schemas-3.14.jar;C:\Users\TANTOI\.m2\repository\org\apache\xmlbeans\xmlbeans\2.6.0\xmlbeans-2.6.0.jar;C:\Users\TANTOI\.m2\repository\stax\stax-api\1.0.1\stax-api-1.0.1.jar;C:\Users\TANTOI\.m2\repository\org\apache\poi\poi-scratchpad\3.14\poi-scratchpad-3.14.jar;C:\Users\TANTOI\.m2\repository\org\apache\poi\ooxml-schemas\1.1\ooxml-schemas-1.1.jar;C:\Users\TANTOI\.m2\repository\org\apache\poi\openxml4j\1.0-beta\openxml4j-1.0-beta.jar;C:\Users\TANTOI\.m2\repository\dom4j\dom4j\1.6.1\dom4j-1.6.1.jar;C:\Users\TANTOI\.m2\repository\xml-apis\xml-apis\1.0.b2\xml-apis-1.0.b2.jar;C:\Users\TANTOI\.m2\repository\log4j\log4j\1.2.8\log4j-1.2.8.jar;C:\Users\TANTOI\.m2\repository\org\json\json\20160810\json-20160810.jar;C:\Users\TANTOI\.m2\repository\javax\json\javax.json-api\1.0\javax.json-api-1.0.jar;C:\Users\TANTOI\.m2\repository\com\fasterxml\jackson\core\jackson-databind\2.8.2\jackson-databind-2.8.2.jar;C:\Users\TANTOI\.m2\repository\com\fasterxml\jackson\core\jackson-annotations\2.8.0\jackson-annotations-2.8.0.jar;C:\Users\TANTOI\.m2\repository\com\fasterxml\jackson\core\jackson-core\2.8.2\jackson-core-2.8.2.jar;C:\Users\TANTOI\.m2\repository\commons-io\commons-io\2.4\commons-io-2.4.jar;/F:/WORKING/eclipse/configuration/org.eclipse.osgi/215/0/.cp/;/F:/WORKING/eclipse/
Launcher Type: SUN_STANDARD

Environment Variables:
PATH=C:\Program Files\Java\jdk1.8.0_101\jre\bin;C:/Program Files/Java/jre1.8.0_101/bin/server;C:/Program Files/Java/jre1.8.0_101/bin;C:/Program Files/Java/jre1.8.0_101/lib/amd64;C:\ProgramData\Oracle\Java\javapath;C:\Windows\system32;C:\Windows;C:\Windows\System32\Wbem;C:\Windows\System32\WindowsPowerShell\v1.0\;C:\Program Files (x86)\Skype\Phone\;C:\Program Files\Git\cmd;C:\Windows\system32;
USERNAME=TANTOI
OS=Windows_NT
PROCESSOR_IDENTIFIER=Intel64 Family 6 Model 23 Stepping 6, GenuineIntel



---------------  S Y S T E M  ---------------

OS: Windows 7 , 64 bit Build 7601 (6.1.7601.17514)

CPU:total 2 (2 cores per cpu, 1 threads per core) family 6 model 23 stepping 6, cmov, cx8, fxsr, mmx, sse, sse2, sse3, ssse3, sse4.1, tsc

Memory: 4k page, physical 4192760k(928280k free), swap 8383676k(2789172k free)

vm_info: Java HotSpot(TM) 64-Bit Server VM (25.101-b13) for windows-amd64 JRE (1.8.0_101-b13), built on Jun 22 2016 01:21:29 by "java_re" with MS VC++ 10.0 (VS2010)

time: Tue Sep 13 00:11:21 2016
elapsed time: 83 seconds (0d 0h 1m 23s)

